[13 Jan 2013 19:15:48] Building database metadata model
[13 Jan 2013 19:15:48] Properties: {partialRefresh=false, processColumnsUsingSelect=, includePrimaryKeys=true, eventSocketClient=com.webratio.commons.net.EventSocketClient@dd151f, includeTables=true, username=root, outputLogPath=C:\Users\Sotelo\Documents\WebRatioDocs\EW\.Temp~\DB.xml.log, readIndexes=null, driverClass=com.mysql.jdbc.Driver, includeSynonyms=true, metaDataProviderClass=com.webratio.commons.db.metadata.MySQLMetaDataProvider, outputPath=C:\Users\Sotelo\Documents\WebRatioDocs\EW\.Temp~\DB.xml, schemaRegex=null, readProcedures=null, includeViews=true, derby.system.home=C:\Users\Sotelo\Documents\WebRatioDocs\.metadata\.plugins\com.webratio.commons.db\derby, url=jdbc:mysql://localhost:3307/ewProj, tableRegex=null, readSQLDefinitions=true, includeForeignKeys=true, retrieveAllNames=false, tablesToRefresh=, eventSocketPort=56279}
[13 Jan 2013 19:15:48] URL: jdbc:mysql://localhost:3307/ewProj
[13 Jan 2013 19:15:48] Product name: MySQL
[13 Jan 2013 19:15:48] Product version: 5.5.29
[13 Jan 2013 19:15:48] Driver name: MySQL-AB JDBC Driver
[13 Jan 2013 19:15:48] Driver version: mysql-connector-java-5.1.22 ( Revision: ${bzr.revision-id} )
[13 Jan 2013 19:15:48] Driver major version: 5
[13 Jan 2013 19:15:48] Driver minor version: 1
[13 Jan 2013 19:15:48] Identifier quote string: 1
[13 Jan 2013 19:15:48] Retrieving schemas
[13 Jan 2013 19:15:48] Retrieving [TABLE, VIEW, SYNONYM] for schema ''
[13 Jan 2013 19:15:48]   Found 'anuncio' [type = TABLE]
[13 Jan 2013 19:15:48]   Found 'categoria' [type = TABLE]
[13 Jan 2013 19:15:48]   Found 'group' [type = TABLE]
[13 Jan 2013 19:15:48]   Found 'group_module' [type = TABLE]
[13 Jan 2013 19:15:48]   Found 'imagem' [type = TABLE]
[13 Jan 2013 19:15:48]   Found 'module' [type = TABLE]
[13 Jan 2013 19:15:48]   Found 'user' [type = TABLE]
[13 Jan 2013 19:15:48]   Found 'user_group' [type = TABLE]
[13 Jan 2013 19:15:48] Retrieving columns for 'anuncio' [type = TABLE]
[13 Jan 2013 19:15:48]   Found column: idanuncio [type = INT][SQL/XOPEN type = 4][size = 10][dec. digits = 0]
[13 Jan 2013 19:15:48]   Found column: nome [type = VARCHAR][SQL/XOPEN type = 12][size = 255][dec. digits = 0]
[13 Jan 2013 19:15:48]   Found column: descricao [type = TEXT][SQL/XOPEN type = -1][size = 65535][dec. digits = 0]
[13 Jan 2013 19:15:48]   Found column: preco [type = FLOAT][SQL/XOPEN type = 7][size = 12][dec. digits = 0]
[13 Jan 2013 19:15:48]   Found column: datasubmissao [type = DATE][SQL/XOPEN type = 91][size = 10][dec. digits = 0]
[13 Jan 2013 19:15:48]   Found column: activo [type = INT][SQL/XOPEN type = 4][size = 10][dec. digits = 0]
[13 Jan 2013 19:15:48]   Found column: tipo [type = VARCHAR][SQL/XOPEN type = 12][size = 255][dec. digits = 0]
[13 Jan 2013 19:15:48]   Found column: destaque [type = BIT][SQL/XOPEN type = -7][size = 1][dec. digits = 0]
[13 Jan 2013 19:15:48]   Found column: user_oid [type = INT][SQL/XOPEN type = 4][size = 10][dec. digits = 0]
[13 Jan 2013 19:15:48]   Found column: categoria_idcategoria [type = INT][SQL/XOPEN type = 4][size = 10][dec. digits = 0]
[13 Jan 2013 19:15:48] Retrieving primary keys for 'anuncio' [type = TABLE]
[13 Jan 2013 19:15:48]   Found primary key column: idanuncio
[13 Jan 2013 19:15:48] Retrieving columns for 'categoria' [type = TABLE]
[13 Jan 2013 19:15:48]   Found column: idcategoria [type = INT][SQL/XOPEN type = 4][size = 10][dec. digits = 0]
[13 Jan 2013 19:15:48]   Found column: descricao [type = VARCHAR][SQL/XOPEN type = 12][size = 255][dec. digits = 0]
[13 Jan 2013 19:15:48] Retrieving primary keys for 'categoria' [type = TABLE]
[13 Jan 2013 19:15:48]   Found primary key column: idcategoria
[13 Jan 2013 19:15:48] Retrieving columns for 'group' [type = TABLE]
[13 Jan 2013 19:15:48]   Found column: oid [type = INT][SQL/XOPEN type = 4][size = 10][dec. digits = 0]
[13 Jan 2013 19:15:48]   Found column: groupname [type = VARCHAR][SQL/XOPEN type = 12][size = 255][dec. digits = 0]
[13 Jan 2013 19:15:48]   Found column: module_oid [type = INT][SQL/XOPEN type = 4][size = 10][dec. digits = 0]
[13 Jan 2013 19:15:48] Retrieving primary keys for 'group' [type = TABLE]
[13 Jan 2013 19:15:48]   Found primary key column: oid
[13 Jan 2013 19:15:48] Retrieving columns for 'group_module' [type = TABLE]
[13 Jan 2013 19:15:48]   Found column: group_oid [type = INT][SQL/XOPEN type = 4][size = 10][dec. digits = 0]
[13 Jan 2013 19:15:48]   Found column: module_oid [type = INT][SQL/XOPEN type = 4][size = 10][dec. digits = 0]
[13 Jan 2013 19:15:48] Retrieving primary keys for 'group_module' [type = TABLE]
[13 Jan 2013 19:15:48]   Found primary key column: group_oid
[13 Jan 2013 19:15:48]   Found primary key column: module_oid
[13 Jan 2013 19:15:48] Retrieving columns for 'imagem' [type = TABLE]
[13 Jan 2013 19:15:48]   Found column: idimagem [type = INT][SQL/XOPEN type = 4][size = 10][dec. digits = 0]
[13 Jan 2013 19:15:48]   Found column: source [type = VARCHAR][SQL/XOPEN type = 12][size = 255][dec. digits = 0]
[13 Jan 2013 19:15:48]   Found column: anuncio_idanuncio [type = INT][SQL/XOPEN type = 4][size = 10][dec. digits = 0]
[13 Jan 2013 19:15:48]   Found column: thumbnail [type = VARCHAR][SQL/XOPEN type = 12][size = 255][dec. digits = 0]
[13 Jan 2013 19:15:48] Retrieving primary keys for 'imagem' [type = TABLE]
[13 Jan 2013 19:15:48]   Found primary key column: idimagem
[13 Jan 2013 19:15:48] Retrieving columns for 'module' [type = TABLE]
[13 Jan 2013 19:15:48]   Found column: oid [type = INT][SQL/XOPEN type = 4][size = 10][dec. digits = 0]
[13 Jan 2013 19:15:48]   Found column: moduleid [type = VARCHAR][SQL/XOPEN type = 12][size = 255][dec. digits = 0]
[13 Jan 2013 19:15:48]   Found column: modulename [type = VARCHAR][SQL/XOPEN type = 12][size = 255][dec. digits = 0]
[13 Jan 2013 19:15:48] Retrieving primary keys for 'module' [type = TABLE]
[13 Jan 2013 19:15:48]   Found primary key column: oid
[13 Jan 2013 19:15:48] Retrieving columns for 'user' [type = TABLE]
[13 Jan 2013 19:15:48]   Found column: oid [type = INT][SQL/XOPEN type = 4][size = 10][dec. digits = 0]
[13 Jan 2013 19:15:48]   Found column: username [type = VARCHAR][SQL/XOPEN type = 12][size = 255][dec. digits = 0]
[13 Jan 2013 19:15:48]   Found column: password [type = VARCHAR][SQL/XOPEN type = 12][size = 255][dec. digits = 0]
[13 Jan 2013 19:15:48]   Found column: email [type = VARCHAR][SQL/XOPEN type = 12][size = 255][dec. digits = 0]
[13 Jan 2013 19:15:48]   Found column: group_oid [type = INT][SQL/XOPEN type = 4][size = 10][dec. digits = 0]
[13 Jan 2013 19:15:48] Retrieving primary keys for 'user' [type = TABLE]
[13 Jan 2013 19:15:48]   Found primary key column: oid
[13 Jan 2013 19:15:48] Retrieving columns for 'user_group' [type = TABLE]
[13 Jan 2013 19:15:48]   Found column: user_oid [type = INT][SQL/XOPEN type = 4][size = 10][dec. digits = 0]
[13 Jan 2013 19:15:48]   Found column: group_oid [type = INT][SQL/XOPEN type = 4][size = 10][dec. digits = 0]
[13 Jan 2013 19:15:48] Retrieving primary keys for 'user_group' [type = TABLE]
[13 Jan 2013 19:15:48]   Found primary key column: user_oid
[13 Jan 2013 19:15:48]   Found primary key column: group_oid
[13 Jan 2013 19:15:48] Retrieving foreign keys for 'anuncio' [type = TABLE]
[13 Jan 2013 19:15:48]   Found foreign key: column categoria_idcategoria references categoria(idcategoria)
[13 Jan 2013 19:15:48]   Found foreign key: column user_oid references user(oid)
[13 Jan 2013 19:15:48] Retrieving foreign keys for 'categoria' [type = TABLE]
[13 Jan 2013 19:15:48] Retrieving foreign keys for 'group' [type = TABLE]
[13 Jan 2013 19:15:48]   Found foreign key: column module_oid references module(oid)
[13 Jan 2013 19:15:48] Retrieving foreign keys for 'group_module' [type = TABLE]
[13 Jan 2013 19:15:48]   Found foreign key: column group_oid references group(oid)
[13 Jan 2013 19:15:48]   Found foreign key: column module_oid references module(oid)
[13 Jan 2013 19:15:48] Retrieving foreign keys for 'imagem' [type = TABLE]
[13 Jan 2013 19:15:48]   Found foreign key: column anuncio_idanuncio references anuncio(idanuncio)
[13 Jan 2013 19:15:48] Retrieving foreign keys for 'module' [type = TABLE]
[13 Jan 2013 19:15:48] Retrieving foreign keys for 'user' [type = TABLE]
[13 Jan 2013 19:15:48]   Found foreign key: column group_oid references group(oid)
[13 Jan 2013 19:15:48] Retrieving foreign keys for 'user_group' [type = TABLE]
[13 Jan 2013 19:15:48]   Found foreign key: column group_oid references group(oid)
[13 Jan 2013 19:15:48]   Found foreign key: column user_oid references user(oid)
[13 Jan 2013 19:15:48] Retrieving auto-increment columns for 'anuncio' [type = TABLE]
[13 Jan 2013 19:15:48] Retrieving auto-increment columns for 'categoria' [type = TABLE]
[13 Jan 2013 19:15:48] Retrieving auto-increment columns for 'group' [type = TABLE]
[13 Jan 2013 19:15:48] Retrieving auto-increment columns for 'group_module' [type = TABLE]
[13 Jan 2013 19:15:48] Retrieving auto-increment columns for 'imagem' [type = TABLE]
[13 Jan 2013 19:15:48] Retrieving auto-increment columns for 'module' [type = TABLE]
[13 Jan 2013 19:15:48] Retrieving auto-increment columns for 'user' [type = TABLE]
[13 Jan 2013 19:15:48] Retrieving auto-increment columns for 'user_group' [type = TABLE]
[13 Jan 2013 19:15:48] Database connection closed
